<?xml version="1.0" encoding="UTF-8"?>
<testsuite name="API demo" tests="1" skipped="0" failures="0" errors="0" timestamp="2023-08-04T15:56:19" hostname="GEMGN-220221" time="10.695">
  <properties/>
  <testcase name="Making GET,POST,UPDATE and DELETE requests with authentication using RestAssured" classname="API demo" time="10.695"/>
  <system-out><![CDATA[Request method:	POST
Request URI:	https://restful-booker.herokuapp.com/booking
Proxy:			<none>
Request params:	<none>
Query params:	<none>
Form params:	<none>
Path params:	<none>
Headers:		Accept=application/json
				Content-Type=application/json
Cookies:		<none>
Multiparts:		<none>
Body:
{
    "firstname": "bhuvan",
    "additionalneeds": "Breakfast",
    "bookingdates": {
        "checkin": "2018-01-01",
        "checkout": "2019-01-01"
    },
    "totalprice": 111,
    "depositpaid": true,
    "lastname": "kohli"
}
HTTP/1.1 200 OK
Server: Cowboy
Connection: keep-alive
X-Powered-By: Express
Content-Type: application/json; charset=utf-8
Content-Length: 200
Etag: W/"c8-vbo1bbcDuBMXKeYChbfrcTEabmo"
Date: Fri, 04 Aug 2023 15:56:23 GMT
Via: 1.1 vegur

{
    "bookingid": 2758,
    "booking": {
        "firstname": "bhuvan",
        "lastname": "kohli",
        "totalprice": 111,
        "depositpaid": true,
        "bookingdates": {
            "checkin": "2018-01-01",
            "checkout": "2019-01-01"
        },
        "additionalneeds": "Breakfast"
    }
}
Request method:	PATCH
Request URI:	https://restful-booker.herokuapp.com/booking/2758
Proxy:			<none>
Request params:	<none>
Query params:	<none>
Form params:	<none>
Path params:	id=2758
Headers:		Accept=application/json
				Authorization=Basic YWRtaW46cGFzc3dvcmQxMjM=
				Content-Type=application/json
Cookies:		<none>
Multiparts:		<none>
Body:
{
    "firstname": "changedName"
}
HTTP/1.1 200 OK
Server: Cowboy
Connection: keep-alive
X-Powered-By: Express
Content-Type: application/json; charset=utf-8
Content-Length: 176
Etag: W/"b0-SX474fU7QjfP/AfRs8Pa8vX4aLk"
Date: Fri, 04 Aug 2023 15:56:24 GMT
Via: 1.1 vegur

{
    "firstname": "changedName",
    "lastname": "kohli",
    "totalprice": 111,
    "depositpaid": true,
    "bookingdates": {
        "checkin": "2018-01-01",
        "checkout": "2019-01-01"
    },
    "additionalneeds": "Breakfast"
}
Request method:	PUT
Request URI:	https://restful-booker.herokuapp.com/booking/2758
Proxy:			<none>
Request params:	<none>
Query params:	<none>
Form params:	<none>
Path params:	id=2758
Headers:		Accept=application/json
				Authorization=Basic YWRtaW46cGFzc3dvcmQxMjM=
				Content-Type=application/json
Cookies:		<none>
Multiparts:		<none>
Body:
{
    "firstname": "changedName",
    "additionalneeds": "Breakfast",
    "bookingdates": {
        "checkin": "2018-01-01",
        "checkout": "2019-01-01"
    },
    "totalprice": 222,
    "depositpaid": true,
    "lastname": "changedLastName"
}
HTTP/1.1 200 OK
Server: Cowboy
Connection: keep-alive
X-Powered-By: Express
Content-Type: application/json; charset=utf-8
Content-Length: 186
Etag: W/"ba-q2vWPpqmiIrj6j3ga1Nj+5wZu78"
Date: Fri, 04 Aug 2023 15:56:26 GMT
Via: 1.1 vegur

{
    "firstname": "changedName",
    "lastname": "changedLastName",
    "totalprice": 222,
    "depositpaid": true,
    "bookingdates": {
        "checkin": "2018-01-01",
        "checkout": "2019-01-01"
    },
    "additionalneeds": "Breakfast"
}
Request method:	DELETE
Request URI:	https://restful-booker.herokuapp.com/booking/2758
Proxy:			<none>
Request params:	<none>
Query params:	<none>
Form params:	<none>
Path params:	id=2758
Headers:		Accept=application/json
				Authorization=Basic YWRtaW46cGFzc3dvcmQxMjM=
				Content-Type=application/json
Cookies:		<none>
Multiparts:		<none>
Body:			<none>
HTTP/1.1 201 Created
Server: Cowboy
Connection: keep-alive
X-Powered-By: Express
Content-Type: text/plain; charset=utf-8
Content-Length: 7
Etag: W/"7-rM9AyJuqT6iOan/xHh+AW+7K/T8"
Date: Fri, 04 Aug 2023 15:56:28 GMT
Via: 1.1 vegur

Created
Request method:	GET
Request URI:	https://restful-booker.herokuapp.com/booking/2758
Proxy:			<none>
Request params:	<none>
Query params:	<none>
Form params:	<none>
Path params:	id=2758
Headers:		Accept=application/json
				Content-Type=application/json
Cookies:		<none>
Multiparts:		<none>
Body:			<none>
HTTP/1.1 404 Not Found
Server: Cowboy
Connection: keep-alive
X-Powered-By: Express
Content-Type: text/plain; charset=utf-8
Content-Length: 9
Etag: W/"9-0gXL1ngzMqISxa6S1zx3F4wtLyg"
Date: Fri, 04 Aug 2023 15:56:29 GMT
Via: 1.1 vegur

Not Found
]]></system-out>
  <system-err><![CDATA[[Test worker] INFO logger.Log - **********************POST REQUEST**********************
[Test worker] INFO logger.Log - **********************PATCH REQUEST**********************
[Test worker] INFO logger.Log - Authentication Token : eyJmaXJzdG5hbWUiOiJjaGFuZ2VkTmFtZSIsImFkZGl0aW9uYWxuZWVkcyI6IkJyZWFrZmFzdCIsImJvb2tpbmdkYXRlcyI6eyJjaGVja2luIjoiMjAxOC0wMS0wMSIsImNoZWNrb3V0IjoiMjAxOS0wMS0wMSJ9LCJ0b3RhbHByaWNlIjoyMjIsImRlcG9zaXRwYWlkIjp0cnVlLCJsYXN0bmFtZSI6ImNoYW5nZWRMYXN0TmFtZSJ9
[Test worker] INFO logger.Log - **********************PUT REQUEST**********************
[Test worker] INFO logger.Log - **********************DELETE REQUEST**********************
[Test worker] INFO logger.Log - ****************VALIDATING DELETE USING GET REQUEST****************
[Test worker] INFO logger.Log - REQUESTS VALIDATED SUCCESSFULLY!
]]></system-err>
</testsuite>
